Generating traffic for Heart Disease API...
Request 1: Prediction=Disease Present, Risk=High
Request 2: Prediction=Disease Present, Risk=Moderate
Request 3: Prediction=Disease Present, Risk=Very High
Request 4: Prediction=Disease Present, Risk=Moderate
Request 5: Prediction=Disease Present, Risk=Moderate
Request 6: Prediction=Disease Present, Risk=High
Request 7: Prediction=Disease Present, Risk=High
Request 8: Prediction=No Disease, Risk=Low
Request 9: Prediction=No Disease, Risk=Moderate
Request 10: Prediction=Disease Present, Risk=Moderate
Request 11: Prediction=Disease Present, Risk=High
Request 12: Prediction=Disease Present, Risk=High
Request 13: Prediction=No Disease, Risk=Moderate
Request 14: Prediction=Disease Present, Risk=Very High
Request 15: Prediction=No Disease, Risk=Moderate
Request 16: Prediction=Disease Present, Risk=High
Request 17: Prediction=Disease Present, Risk=High
Request 18: Prediction=No Disease, Risk=Moderate
Request 19: Prediction=Disease Present, Risk=High
Request 20: Prediction=Disease Present, Risk=High
Request 21: Prediction=Disease Present, Risk=Moderate
Request 22: Prediction=Disease Present, Risk=Very High
Request 23: Prediction=No Disease, Risk=Moderate
Request 24: Prediction=Disease Present, Risk=High
Request 25: Prediction=Disease Present, Risk=Moderate
Request 26: Prediction=Disease Present, Risk=High
Request 27: Prediction=Disease Present, Risk=High
Request 28: Prediction=Disease Present, Risk=High
Request 29: Prediction=Disease Present, Risk=High
Request 30: Prediction=Disease Present, Risk=High
Request 31: Prediction=Disease Present, Risk=Very High
Request 32: Prediction=No Disease, Risk=Moderate
Request 33: Prediction=Disease Present, Risk=Moderate
Request 34: Prediction=Disease Present, Risk=High
Request 35: Prediction=Disease Present, Risk=Moderate
Request 36: Prediction=Disease Present, Risk=High
Request 37: Prediction=Disease Present, Risk=Very High
Request 38: Prediction=No Disease, Risk=Low
Request 39: Prediction=Disease Present, Risk=High
Request 40: Prediction=Disease Present, Risk=High
Request 41: Prediction=Disease Present, Risk=Very High
Request 42: Prediction=Disease Present, Risk=Moderate
Request 43: Prediction=Disease Present, Risk=Very High
Request 44: Prediction=Disease Present, Risk=High
Request 45: Prediction=Disease Present, Risk=Very High
Request 46: Prediction=Disease Present, Risk=Moderate
Request 47: Prediction=Disease Present, Risk=High
Request 48: Prediction=No Disease, Risk=Moderate
Request 49: Prediction=Disease Present, Risk=High
Request 50: Prediction=Disease Present, Risk=High
Request 51: Prediction=No Disease, Risk=Moderate
Request 52: Prediction=Disease Present, Risk=High
Request 53: Prediction=Disease Present, Risk=Very High
Request 54: Prediction=No Disease, Risk=Moderate
Request 55: Prediction=Disease Present, Risk=Moderate
Request 56: Prediction=Disease Present, Risk=High
Request 57: Prediction=Disease Present, Risk=High
Request 58: Prediction=No Disease, Risk=Low
Request 59: Prediction=Disease Present, Risk=Very High
Request 60: Prediction=Disease Present, Risk=High
Request 61: Prediction=Disease Present, Risk=High
Request 62: Prediction=Disease Present, Risk=High
Request 63: Prediction=Disease Present, Risk=High
Request 64: Prediction=Disease Present, Risk=Moderate
Request 65: Prediction=Disease Present, Risk=High
Request 66: Prediction=No Disease, Risk=Moderate
Request 67: Prediction=Disease Present, Risk=High
Request 68: Prediction=Disease Present, Risk=High
Request 69: Prediction=Disease Present, Risk=Very High
Request 70: Prediction=No Disease, Risk=Moderate
Request 71: Prediction=Disease Present, Risk=High
Request 72: Prediction=Disease Present, Risk=High
Request 73: Prediction=Disease Present, Risk=High
Request 74: Prediction=No Disease, Risk=Moderate
Request 75: Prediction=No Disease, Risk=Moderate
Request 76: Prediction=Disease Present, Risk=Moderate
Request 77: Prediction=Disease Present, Risk=High
Request 78: Prediction=No Disease, Risk=Moderate
Request 79: Prediction=Disease Present, Risk=Moderate
Request 80: Prediction=Disease Present, Risk=High
Request 81: Prediction=Disease Present, Risk=High
Request 82: Prediction=Disease Present, Risk=High
Request 83: Prediction=Disease Present, Risk=Very High
Request 84: Prediction=Disease Present, Risk=Very High
Request 85: Prediction=Disease Present, Risk=Very High
Request 86: Prediction=Disease Present, Risk=High
Request 87: Prediction=Disease Present, Risk=Moderate
Request 88: Prediction=Disease Present, Risk=High
Request 89: Prediction=Disease Present, Risk=High
Request 90: Prediction=Disease Present, Risk=High
Request 91: Prediction=Disease Present, Risk=High
Request 92: Prediction=Disease Present, Risk=Very High
Request 93: Prediction=No Disease, Risk=Moderate
Request 94: Prediction=Disease Present, Risk=Moderate
Request 95: Prediction=Disease Present, Risk=High
Request 96: Prediction=Disease Present, Risk=Very High
Request 97: Prediction=Disease Present, Risk=Moderate
Request 98: Prediction=Disease Present, Risk=Very High
Request 99: Prediction=Disease Present, Risk=Very High
Request 100: Prediction=Disease Present, Risk=High
Request 101: Prediction=Disease Present, Risk=Very High
Request 102: Prediction=Disease Present, Risk=Very High
Request 103: Prediction=No Disease, Risk=Moderate
Request 104: Prediction=Disease Present, Risk=Very High
Request 105: Prediction=Disease Present, Risk=Moderate
Request 106: Prediction=Disease Present, Risk=High
Request 107: Prediction=Disease Present, Risk=High
Request 108: Prediction=Disease Present, Risk=High
Request 109: Prediction=No Disease, Risk=Low
Request 110: Prediction=Disease Present, Risk=High
Request 111: Prediction=No Disease, Risk=Moderate
Request 112: Prediction=Disease Present, Risk=Very High
Request 113: Prediction=Disease Present, Risk=Moderate
Request 114: Prediction=Disease Present, Risk=Very High
Request 115: Prediction=Disease Present, Risk=High
Request 116: Prediction=Disease Present, Risk=High
Request 117: Prediction=Disease Present, Risk=High
Request 118: Prediction=Disease Present, Risk=High
Request 119: Prediction=Disease Present, Risk=Very High
Request 120: Prediction=Disease Present, Risk=Very High
Request 121: Prediction=Disease Present, Risk=High
Request 122: Prediction=Disease Present, Risk=High
Request 123: Prediction=Disease Present, Risk=High
Request 124: Prediction=No Disease, Risk=Moderate
Request 125: Prediction=Disease Present, Risk=Moderate
Request 126: Prediction=No Disease, Risk=Moderate
Request 127: Prediction=Disease Present, Risk=High
Request 128: Prediction=No Disease, Risk=Moderate
Request 129: Prediction=Disease Present, Risk=High
Request 130: Prediction=Disease Present, Risk=High
Request 131: Prediction=Disease Present, Risk=High
Request 132: Prediction=Disease Present, Risk=Very High
Request 133: Prediction=Disease Present, Risk=Moderate
Request 134: Prediction=Disease Present, Risk=Very High
Request 135: Prediction=Disease Present, Risk=High
Request 136: Prediction=Disease Present, Risk=High
Request 137: Prediction=Disease Present, Risk=High
Request 138: Prediction=Disease Present, Risk=High
Request 139: Prediction=No Disease, Risk=Moderate
Request 140: Prediction=Disease Present, Risk=High
Request 141: Prediction=Disease Present, Risk=High
Request 142: Prediction=Disease Present, Risk=Very High
Request 143: Prediction=Disease Present, Risk=Very High
Request 144: Prediction=No Disease, Risk=Low
Request 145: Prediction=Disease Present, Risk=Moderate
Request 146: Prediction=No Disease, Risk=Moderate
Request 147: Prediction=Disease Present, Risk=Very High
Request 148: Prediction=No Disease, Risk=Moderate
Request 149: Prediction=Disease Present, Risk=Moderate
Request 150: Prediction=Disease Present, Risk=High
Request 151: Prediction=Disease Present, Risk=Very High
Request 152: Prediction=Disease Present, Risk=High
Request 153: Prediction=Disease Present, Risk=Very High
Request 154: Prediction=Disease Present, Risk=High
Request 155: Prediction=Disease Present, Risk=Moderate
Request 156: Prediction=Disease Present, Risk=High
Request 157: Prediction=Disease Present, Risk=Very High
Request 158: Prediction=Disease Present, Risk=High
Request 159: Prediction=Disease Present, Risk=Very High
Request 160: Prediction=Disease Present, Risk=High
Request 161: Prediction=Disease Present, Risk=Very High
Request 162: Prediction=Disease Present, Risk=Very High
Request 163: Prediction=Disease Present, Risk=Very High
Request 164: Prediction=Disease Present, Risk=Very High
Request 165: Prediction=Disease Present, Risk=Very High
Request 166: Prediction=No Disease, Risk=Moderate
Request 167: Prediction=Disease Present, Risk=Moderate
Request 168: Prediction=Disease Present, Risk=Very High
Request 169: Prediction=Disease Present, Risk=Moderate
Request 170: Prediction=Disease Present, Risk=High
Request 171: Prediction=Disease Present, Risk=High
Request 172: Prediction=No Disease, Risk=Moderate
Request 173: Prediction=Disease Present, Risk=Very High
Request 174: Prediction=Disease Present, Risk=High
Request 175: Prediction=Disease Present, Risk=Very High
Request 176: Prediction=No Disease, Risk=Moderate
Request 177: Prediction=Disease Present, Risk=Moderate
Request 178: Prediction=Disease Present, Risk=High
Request 179: Prediction=Disease Present, Risk=High
Request 180: Prediction=Disease Present, Risk=High
Request 181: Prediction=Disease Present, Risk=High
Request 182: Prediction=Disease Present, Risk=High
Request 183: Prediction=Disease Present, Risk=High
Request 184: Prediction=Disease Present, Risk=High
Request 185: Prediction=Disease Present, Risk=Moderate
Request 186: Prediction=Disease Present, Risk=High
Request 187: Prediction=Disease Present, Risk=High
Request 188: Prediction=Disease Present, Risk=Very High
Request 189: Prediction=Disease Present, Risk=Moderate
Request 190: Prediction=Disease Present, Risk=High
Request 191: Prediction=Disease Present, Risk=Moderate
Request 192: Prediction=Disease Present, Risk=Moderate
Request 193: Prediction=Disease Present, Risk=High
Request 194: Prediction=Disease Present, Risk=High
Request 195: Prediction=Disease Present, Risk=Moderate
Request 196: Prediction=Disease Present, Risk=Very High
Request 197: Prediction=Disease Present, Risk=Very High
Request 198: Prediction=Disease Present, Risk=High
Request 199: Prediction=No Disease, Risk=Moderate
Request 200: Prediction=Disease Present, Risk=Very High
Request 201: Prediction=Disease Present, Risk=Very High
Request 202: Prediction=Disease Present, Risk=High
Request 203: Prediction=Disease Present, Risk=Moderate
Request 204: Prediction=No Disease, Risk=Moderate
Request 205: Prediction=Disease Present, Risk=Moderate
Request 206: Prediction=Disease Present, Risk=High
Request 207: Prediction=Disease Present, Risk=High
Request 208: Prediction=Disease Present, Risk=High
Request 209: Prediction=Disease Present, Risk=Very High
Request 210: Prediction=Disease Present, Risk=High
Request 211: Prediction=Disease Present, Risk=High
Request 212: Prediction=Disease Present, Risk=Very High
Request 213: Prediction=Disease Present, Risk=High
Request 214: Prediction=Disease Present, Risk=High
Request 215: Prediction=Disease Present, Risk=Very High
Request 216: Prediction=No Disease, Risk=Moderate
Request 217: Prediction=Disease Present, Risk=High
Request 218: Prediction=Disease Present, Risk=High
Request 219: Prediction=Disease Present, Risk=Very High
Request 220: Prediction=Disease Present, Risk=High
Request 221: Prediction=Disease Present, Risk=High
Request 222: Prediction=Disease Present, Risk=High
Request 223: Prediction=Disease Present, Risk=Moderate
Request 224: Prediction=Disease Present, Risk=High
Request 225: Prediction=Disease Present, Risk=Very High
Request 226: Prediction=Disease Present, Risk=High
Request 227: Prediction=Disease Present, Risk=Very High
Request 228: Prediction=Disease Present, Risk=High
Request 229: Prediction=Disease Present, Risk=High
Request 230: Prediction=Disease Present, Risk=High
Request 231: Prediction=Disease Present, Risk=Very High
Request 232: Prediction=Disease Present, Risk=Very High
Request 233: Prediction=Disease Present, Risk=Very High
Request 234: Prediction=Disease Present, Risk=High
Request 235: Prediction=Disease Present, Risk=High
Request 236: Prediction=Disease Present, Risk=High
Request 237: Prediction=Disease Present, Risk=High
Request 238: Prediction=Disease Present, Risk=Very High
Request 239: Prediction=No Disease, Risk=Moderate
Request 240: Prediction=Disease Present, Risk=High
Request 241: Prediction=Disease Present, Risk=High
Request 242: Prediction=No Disease, Risk=Moderate
Request 243: Prediction=Disease Present, Risk=High
Request 244: Prediction=No Disease, Risk=Moderate
Request 245: Prediction=Disease Present, Risk=Moderate
Request 246: Prediction=No Disease, Risk=Moderate
Request 247: Prediction=Disease Present, Risk=Moderate
Request 248: Prediction=No Disease, Risk=Low
Request 249: Prediction=Disease Present, Risk=Moderate
Request 250: Prediction=Disease Present, Risk=Moderate
Request 251: Prediction=Disease Present, Risk=Very High
Request 252: Prediction=Disease Present, Risk=High
Request 253: Prediction=Disease Present, Risk=Very High
Request 254: Prediction=Disease Present, Risk=High
Request 255: Prediction=Disease Present, Risk=High
Request 256: Prediction=Disease Present, Risk=Moderate
Request 257: Prediction=Disease Present, Risk=High
Request 258: Prediction=Disease Present, Risk=High
Request 259: Prediction=No Disease, Risk=Moderate
Request 260: Prediction=Disease Present, Risk=High
Request 261: Prediction=Disease Present, Risk=High
Request 262: Prediction=Disease Present, Risk=High
Request 263: Prediction=Disease Present, Risk=Moderate
Request 264: Prediction=No Disease, Risk=Moderate
Request 265: Prediction=Disease Present, Risk=High
Request 266: Prediction=Disease Present, Risk=Moderate
Request 267: Prediction=Disease Present, Risk=High
Request 268: Prediction=Disease Present, Risk=Moderate
Request 269: Prediction=Disease Present, Risk=Very High
Request 270: Prediction=Disease Present, Risk=High
Request 271: Prediction=Disease Present, Risk=High
Request 272: Prediction=Disease Present, Risk=High
Request 273: Prediction=Disease Present, Risk=High
Request 274: Prediction=Disease Present, Risk=High
Request 275: Prediction=No Disease, Risk=Moderate
Request 276: Prediction=Disease Present, Risk=High
Request 277: Prediction=Disease Present, Risk=Very High
Request 278: Prediction=Disease Present, Risk=Moderate
Request 279: Prediction=Disease Present, Risk=High
Request 280: Prediction=No Disease, Risk=Moderate
Request 281: Prediction=Disease Present, Risk=Very High
Request 282: Prediction=Disease Present, Risk=Moderate
Request 283: Prediction=Disease Present, Risk=High
Request 284: Prediction=Disease Present, Risk=Moderate
Request 285: Prediction=Disease Present, Risk=Moderate
Request 286: Prediction=Disease Present, Risk=Very High
Request 287: Prediction=Disease Present, Risk=High
Request 288: Prediction=Disease Present, Risk=Very High
Request 289: Prediction=Disease Present, Risk=High
Request 290: Prediction=Disease Present, Risk=Moderate
Request 291: Prediction=Disease Present, Risk=High
Request 292: Prediction=Disease Present, Risk=High
Request 293: Prediction=No Disease, Risk=Low
Request 294: Prediction=Disease Present, Risk=High
Request 295: Prediction=Disease Present, Risk=High
Request 296: Prediction=Disease Present, Risk=Moderate
Request 297: Prediction=Disease Present, Risk=Very High
Request 298: Prediction=Disease Present, Risk=High
Request 299: Prediction=Disease Present, Risk=High
Request 300: Prediction=Disease Present, Risk=High
Request 301: Prediction=Disease Present, Risk=High
Request 302: Prediction=Disease Present, Risk=High
Request 303: Prediction=Disease Present, Risk=Moderate
Request 304: Prediction=Disease Present, Risk=High
Request 305: Prediction=Disease Present, Risk=High
Request 306: Prediction=Disease Present, Risk=Very High
Request 307: Prediction=Disease Present, Risk=High
Request 308: Prediction=Disease Present, Risk=High
Request 309: Prediction=Disease Present, Risk=Moderate
Request 310: Prediction=Disease Present, Risk=High
Request 311: Prediction=Disease Present, Risk=Very High
Request 312: Prediction=No Disease, Risk=Moderate
Request 313: Prediction=Disease Present, Risk=Moderate
Request 314: Prediction=Disease Present, Risk=High
Request 315: Prediction=Disease Present, Risk=Very High
Request 316: Prediction=Disease Present, Risk=Moderate
Request 317: Prediction=Disease Present, Risk=Moderate
Request 318: Prediction=Disease Present, Risk=High
Request 319: Prediction=Disease Present, Risk=Very High
Request 320: Prediction=Disease Present, Risk=High
Request 321: Prediction=No Disease, Risk=Moderate
Request 322: Prediction=No Disease, Risk=Moderate
Request 323: Prediction=Disease Present, Risk=High
Request 324: Prediction=Disease Present, Risk=Moderate
Request 325: Prediction=Disease Present, Risk=High
Request 326: Prediction=Disease Present, Risk=High
Request 327: Prediction=Disease Present, Risk=Very High
Request 328: Prediction=Disease Present, Risk=High
Request 329: Prediction=Disease Present, Risk=High
Request 330: Prediction=Disease Present, Risk=High
Request 331: Prediction=Disease Present, Risk=Very High
Request 332: Prediction=Disease Present, Risk=High
Request 333: Prediction=Disease Present, Risk=High
Request 334: Prediction=Disease Present, Risk=High
Request 335: Prediction=Disease Present, Risk=Very High
Request 336: Prediction=Disease Present, Risk=High
Request 337: Prediction=Disease Present, Risk=High
Request 338: Prediction=Disease Present, Risk=High
Request 339: Prediction=Disease Present, Risk=Moderate
Request 340: Prediction=Disease Present, Risk=High
Request 341: Prediction=Disease Present, Risk=Very High
Request 342: Prediction=Disease Present, Risk=High
Request 343: Prediction=Disease Present, Risk=High
Request 344: Prediction=No Disease, Risk=Moderate
Request 345: Prediction=Disease Present, Risk=Moderate
Request 346: Prediction=Disease Present, Risk=High
Request 347: Prediction=Disease Present, Risk=High
Request 348: Prediction=Disease Present, Risk=High
Request 349: Prediction=Disease Present, Risk=Very High
Request 350: Prediction=Disease Present, Risk=Very High
Request 351: Prediction=Disease Present, Risk=Very High
Request 352: Prediction=Disease Present, Risk=High
Request 353: Prediction=Disease Present, Risk=High
Request 354: Prediction=Disease Present, Risk=Moderate
Request 355: Prediction=Disease Present, Risk=High
Request 356: Prediction=Disease Present, Risk=High
Request 357: Prediction=Disease Present, Risk=Moderate
Request 358: Prediction=Disease Present, Risk=Very High
Request 359: Prediction=Disease Present, Risk=Very High
Request 360: Prediction=Disease Present, Risk=Moderate
Request 361: Prediction=Disease Present, Risk=Very High
Request 362: Prediction=Disease Present, Risk=High
Request 363: Prediction=Disease Present, Risk=Moderate
Request 364: Prediction=Disease Present, Risk=High
Request 365: Prediction=Disease Present, Risk=Moderate
Request 366: Prediction=Disease Present, Risk=High
Request 367: Prediction=No Disease, Risk=Moderate
Request 368: Prediction=Disease Present, Risk=Very High
Request 369: Prediction=Disease Present, Risk=Moderate
Request 370: Prediction=Disease Present, Risk=High
Request 371: Prediction=Disease Present, Risk=High
Request 372: Prediction=No Disease, Risk=Moderate
Request 373: Prediction=No Disease, Risk=Moderate
Request 374: Prediction=Disease Present, Risk=High
Request 375: Prediction=Disease Present, Risk=Moderate
Request 376: Prediction=Disease Present, Risk=High
Request 377: Prediction=Disease Present, Risk=Very High
Request 378: Prediction=Disease Present, Risk=High
Request 379: Prediction=Disease Present, Risk=Moderate
Request 380: Prediction=Disease Present, Risk=Moderate
Request 381: Prediction=Disease Present, Risk=High
Request 382: Prediction=Disease Present, Risk=Very High
Request 383: Prediction=Disease Present, Risk=High
Request 384: Prediction=Disease Present, Risk=High
Request 385: Prediction=Disease Present, Risk=Moderate
Request 386: Prediction=Disease Present, Risk=High
Request 387: Prediction=Disease Present, Risk=High
Request 388: Prediction=Disease Present, Risk=High
Request 389: Prediction=Disease Present, Risk=Moderate
Request 390: Prediction=Disease Present, Risk=Moderate
Request 391: Prediction=Disease Present, Risk=Moderate
Request 392: Prediction=Disease Present, Risk=Moderate
Request 393: Prediction=Disease Present, Risk=Moderate
Request 394: Prediction=No Disease, Risk=Moderate
Request 395: Prediction=Disease Present, Risk=High
Request 396: Prediction=Disease Present, Risk=Moderate
Request 397: Prediction=Disease Present, Risk=High
Request 398: Prediction=Disease Present, Risk=Moderate
Request 399: Prediction=Disease Present, Risk=High
Request 400: Prediction=Disease Present, Risk=Moderate
Request 401: Prediction=No Disease, Risk=Moderate
Request 402: Prediction=Disease Present, Risk=Moderate
Request 403: Prediction=Disease Present, Risk=High
Request 404: Prediction=Disease Present, Risk=High
Request 405: Prediction=No Disease, Risk=Moderate
Request 406: Prediction=Disease Present, Risk=Very High
Request 407: Prediction=No Disease, Risk=Moderate
Request 408: Prediction=Disease Present, Risk=Very High
Request 409: Prediction=Disease Present, Risk=Moderate
Request 410: Prediction=Disease Present, Risk=High
Request 411: Prediction=Disease Present, Risk=High
Request 412: Prediction=Disease Present, Risk=Very High
Request 413: Prediction=Disease Present, Risk=Very High
Request 414: Prediction=No Disease, Risk=Moderate
Request 415: Prediction=Disease Present, Risk=Very High
Request 416: Prediction=Disease Present, Risk=Moderate
Request 417: Prediction=Disease Present, Risk=High
Request 418: Prediction=Disease Present, Risk=Very High
Request 419: Prediction=No Disease, Risk=Moderate
Request 420: Prediction=Disease Present, Risk=High
Request 421: Prediction=Disease Present, Risk=Moderate
Request 422: Prediction=Disease Present, Risk=High
Request 423: Prediction=Disease Present, Risk=Very High
Request 424: Prediction=No Disease, Risk=Moderate
Request 425: Prediction=Disease Present, Risk=Moderate
Request 426: Prediction=Disease Present, Risk=High
Request 427: Prediction=Disease Present, Risk=Very High
Request 428: Prediction=Disease Present, Risk=High
Request 429: Prediction=Disease Present, Risk=High
Request 430: Prediction=Disease Present, Risk=High
Request 431: Prediction=Disease Present, Risk=Moderate
Request 432: Prediction=Disease Present, Risk=High
Request 433: Prediction=Disease Present, Risk=Moderate
Request 434: Prediction=Disease Present, Risk=High
Request 435: Prediction=No Disease, Risk=Moderate
Request 436: Prediction=No Disease, Risk=Moderate
Request 437: Prediction=Disease Present, Risk=Moderate
Request 438: Prediction=Disease Present, Risk=Very High
Request 439: Prediction=Disease Present, Risk=High
Request 440: Prediction=Disease Present, Risk=Very High
Request 441: Prediction=Disease Present, Risk=High
Request 442: Prediction=Disease Present, Risk=High
Request 443: Prediction=Disease Present, Risk=High
Request 444: Prediction=Disease Present, Risk=Very High
Request 445: Prediction=Disease Present, Risk=Very High
Request 446: Prediction=Disease Present, Risk=Moderate
Request 447: Prediction=Disease Present, Risk=High
Request 448: Prediction=Disease Present, Risk=High
Request 449: Prediction=Disease Present, Risk=Very High
Request 450: Prediction=Disease Present, Risk=High
Request 451: Prediction=Disease Present, Risk=High
Request 452: Prediction=No Disease, Risk=Low
Request 453: Prediction=Disease Present, Risk=Very High
Request 454: Prediction=Disease Present, Risk=High
Request 455: Prediction=Disease Present, Risk=Moderate
Request 456: Prediction=No Disease, Risk=Moderate
Request 457: Prediction=Disease Present, Risk=Very High
Request 458: Prediction=Disease Present, Risk=Moderate
Request 459: Prediction=No Disease, Risk=Moderate
Request 460: Prediction=Disease Present, Risk=High
Request 461: Prediction=No Disease, Risk=Moderate
Request 462: Prediction=No Disease, Risk=Moderate
Request 463: Prediction=Disease Present, Risk=High
Request 464: Prediction=Disease Present, Risk=High
Request 465: Prediction=Disease Present, Risk=Moderate
Request 466: Prediction=Disease Present, Risk=Very High
Request 467: Prediction=Disease Present, Risk=Very High
Request 468: Prediction=Disease Present, Risk=High
Request 469: Prediction=Disease Present, Risk=Very High
Request 470: Prediction=Disease Present, Risk=Very High
Request 471: Prediction=Disease Present, Risk=High
Request 472: Prediction=Disease Present, Risk=High
Request 473: Prediction=No Disease, Risk=Moderate
Request 474: Prediction=No Disease, Risk=Moderate
Request 475: Prediction=No Disease, Risk=Moderate
Request 476: Prediction=Disease Present, Risk=Very High
Request 477: Prediction=Disease Present, Risk=High
Request 478: Prediction=Disease Present, Risk=Moderate
Request 479: Prediction=Disease Present, Risk=Moderate
Request 480: Prediction=No Disease, Risk=Moderate
Request 481: Prediction=No Disease, Risk=Moderate
Request 482: Prediction=Disease Present, Risk=Moderate
Request 483: Prediction=No Disease, Risk=Moderate
Request 484: Prediction=Disease Present, Risk=High
Request 485: Prediction=Disease Present, Risk=Very High
Request 486: Prediction=Disease Present, Risk=High
Request 487: Prediction=Disease Present, Risk=Moderate
Request 488: Prediction=No Disease, Risk=Moderate
Request 489: Prediction=No Disease, Risk=Moderate
Request 490: Prediction=Disease Present, Risk=Moderate
Request 491: Prediction=Disease Present, Risk=High
Request 492: Prediction=Disease Present, Risk=High
Request 493: Prediction=No Disease, Risk=Moderate
Request 494: Prediction=Disease Present, Risk=Very High
Request 495: Prediction=No Disease, Risk=Moderate
Request 496: Prediction=Disease Present, Risk=High
Request 497: Prediction=No Disease, Risk=Moderate
Request 498: Prediction=No Disease, Risk=Moderate
Request 499: Prediction=No Disease, Risk=Moderate
Request 500: Prediction=Disease Present, Risk=High
Request 501: Prediction=Disease Present, Risk=Very High
Request 502: Prediction=Disease Present, Risk=Very High
Request 503: Prediction=Disease Present, Risk=Very High
Request 504: Prediction=No Disease, Risk=Moderate
Request 505: Prediction=Disease Present, Risk=High
Request 506: Prediction=No Disease, Risk=Moderate
Request 507: Prediction=Disease Present, Risk=High
Request 508: Prediction=No Disease, Risk=Moderate
Request 509: Prediction=No Disease, Risk=Moderate
Request 510: Prediction=Disease Present, Risk=Very High
Request 511: Prediction=Disease Present, Risk=Moderate
Request 512: Prediction=Disease Present, Risk=Moderate
Request 513: Prediction=No Disease, Risk=Moderate
Request 514: Prediction=Disease Present, Risk=High
Request 515: Prediction=Disease Present, Risk=High
Request 516: Prediction=Disease Present, Risk=High
Request 517: Prediction=No Disease, Risk=Moderate
Request 518: Prediction=Disease Present, Risk=Moderate
Request 519: Prediction=Disease Present, Risk=High
Request 520: Prediction=Disease Present, Risk=Moderate
Request 521: Prediction=Disease Present, Risk=High
Request 522: Prediction=Disease Present, Risk=High
Request 523: Prediction=Disease Present, Risk=Moderate
Request 524: Prediction=Disease Present, Risk=High
Request 525: Prediction=Disease Present, Risk=Very High
Request 526: Prediction=Disease Present, Risk=High
Request 527: Prediction=Disease Present, Risk=Very High
Request 528: Prediction=No Disease, Risk=Moderate
Request 529: Prediction=Disease Present, Risk=High
Request 530: Prediction=Disease Present, Risk=Very High
Request 531: Prediction=No Disease, Risk=Moderate
Request 532: Prediction=No Disease, Risk=Moderate
Request 533: Prediction=Disease Present, Risk=High
Request 534: Prediction=Disease Present, Risk=Very High
Request 535: Prediction=Disease Present, Risk=High
Request 536: Prediction=Disease Present, Risk=High
Request 537: Prediction=Disease Present, Risk=High
Request 538: Prediction=No Disease, Risk=Low
Request 539: Prediction=Disease Present, Risk=High
Request 540: Prediction=Disease Present, Risk=Very High
Request 541: Prediction=Disease Present, Risk=High
Request 542: Prediction=No Disease, Risk=Moderate
Request 543: Prediction=Disease Present, Risk=Moderate
Request 544: Prediction=Disease Present, Risk=Very High
Request 545: Prediction=Disease Present, Risk=High
Request 546: Prediction=Disease Present, Risk=Moderate
Request 547: Prediction=Disease Present, Risk=Very High
Request 548: Prediction=Disease Present, Risk=Very High
Request 549: Prediction=Disease Present, Risk=High
Request 550: Prediction=Disease Present, Risk=Moderate
Request 551: Prediction=Disease Present, Risk=High
Request 552: Prediction=Disease Present, Risk=Very High
Request 553: Prediction=Disease Present, Risk=High
Request 554: Prediction=Disease Present, Risk=High
Request 555: Prediction=Disease Present, Risk=Very High
Request 556: Prediction=Disease Present, Risk=Very High
Request 557: Prediction=Disease Present, Risk=High
Request 558: Prediction=Disease Present, Risk=High
Request 559: Prediction=Disease Present, Risk=High
Request 560: Prediction=Disease Present, Risk=High
Request 561: Prediction=Disease Present, Risk=Moderate
Request 562: Prediction=Disease Present, Risk=High
Request 563: Prediction=Disease Present, Risk=Moderate
Request 564: Prediction=Disease Present, Risk=High
Request 565: Prediction=Disease Present, Risk=Very High
Request 566: Prediction=Disease Present, Risk=Moderate
Request 567: Prediction=No Disease, Risk=Moderate
Request 568: Prediction=Disease Present, Risk=Very High
Request 569: Prediction=No Disease, Risk=Moderate
Request 570: Prediction=No Disease, Risk=Moderate
Request 571: Prediction=No Disease, Risk=Moderate
Request 572: Prediction=Disease Present, Risk=High
Request 573: Prediction=Disease Present, Risk=High
Request 574: Prediction=Disease Present, Risk=High
Request 575: Prediction=Disease Present, Risk=High
Request 576: Prediction=Disease Present, Risk=Very High
Request 577: Prediction=Disease Present, Risk=High
Request 578: Prediction=Disease Present, Risk=High
Request 579: Prediction=Disease Present, Risk=Moderate
Request 580: Prediction=Disease Present, Risk=High
Request 581: Prediction=Disease Present, Risk=High
Request 582: Prediction=No Disease, Risk=Moderate
Request 583: Prediction=Disease Present, Risk=High
Request 584: Prediction=Disease Present, Risk=Very High
Request 585: Prediction=No Disease, Risk=Moderate
Request 586: Prediction=Disease Present, Risk=Moderate
Request 587: Prediction=No Disease, Risk=Moderate
Request 588: Prediction=Disease Present, Risk=High
Request 589: Prediction=No Disease, Risk=Moderate
Request 590: Prediction=No Disease, Risk=Moderate
Request 591: Prediction=Disease Present, Risk=Very High
Request 592: Prediction=Disease Present, Risk=Moderate
Request 593: Prediction=Disease Present, Risk=High
Request 594: Prediction=No Disease, Risk=Moderate
Request 595: Prediction=Disease Present, Risk=High
Request 596: Prediction=No Disease, Risk=Moderate
Request 597: Prediction=Disease Present, Risk=High
Request 598: Prediction=No Disease, Risk=Low
Request 599: Prediction=Disease Present, Risk=High
Request 600: Prediction=Disease Present, Risk=High
Request 601: Prediction=No Disease, Risk=Moderate
Request 602: Prediction=Disease Present, Risk=High
Request 603: Prediction=Disease Present, Risk=Very High
Request 604: Prediction=Disease Present, Risk=High
Request 605: Prediction=Disease Present, Risk=High
Request 606: Prediction=Disease Present, Risk=Very High
Request 607: Prediction=Disease Present, Risk=Moderate
Request 608: Prediction=Disease Present, Risk=Moderate
Request 609: Prediction=Disease Present, Risk=Moderate
Request 610: Prediction=Disease Present, Risk=High
Request 611: Prediction=Disease Present, Risk=High
Request 612: Prediction=Disease Present, Risk=Moderate
Request 613: Prediction=Disease Present, Risk=High
Request 614: Prediction=Disease Present, Risk=Very High
Request 615: Prediction=Disease Present, Risk=High
Request 616: Prediction=Disease Present, Risk=Moderate
Request 617: Prediction=Disease Present, Risk=High
Request 618: Prediction=Disease Present, Risk=High
Request 619: Prediction=No Disease, Risk=Moderate
Request 620: Prediction=Disease Present, Risk=High
Request 621: Prediction=Disease Present, Risk=High
Request 622: Prediction=Disease Present, Risk=High
Request 623: Prediction=Disease Present, Risk=High
Request 624: Prediction=Disease Present, Risk=High
Request 625: Prediction=Disease Present, Risk=Moderate
Request 626: Prediction=No Disease, Risk=Low
Request 627: Prediction=Disease Present, Risk=Very High
Request 628: Prediction=Disease Present, Risk=High
Request 629: Prediction=Disease Present, Risk=High
Request 630: Prediction=Disease Present, Risk=High
Request 631: Prediction=Disease Present, Risk=Moderate
Request 632: Prediction=Disease Present, Risk=Moderate
Request 633: Prediction=Disease Present, Risk=High
Request 634: Prediction=Disease Present, Risk=High
Request 635: Prediction=Disease Present, Risk=High
Request 636: Prediction=Disease Present, Risk=Moderate
Request 637: Prediction=Disease Present, Risk=Very High
Request 638: Prediction=Disease Present, Risk=High
Request 639: Prediction=Disease Present, Risk=High
Request 640: Prediction=No Disease, Risk=Moderate
Request 641: Prediction=Disease Present, Risk=High
Request 642: Prediction=Disease Present, Risk=High
Request 643: Prediction=Disease Present, Risk=High
Request 644: Prediction=No Disease, Risk=Low
Request 645: Prediction=Disease Present, Risk=Moderate
Request 646: Prediction=Disease Present, Risk=Very High
Request 647: Prediction=Disease Present, Risk=High
Request 648: Prediction=Disease Present, Risk=High
Request 649: Prediction=Disease Present, Risk=High
Request 650: Prediction=Disease Present, Risk=Moderate
Request 651: Prediction=Disease Present, Risk=High
Request 652: Prediction=Disease Present, Risk=High
Request 653: Prediction=Disease Present, Risk=High
Request 654: Prediction=Disease Present, Risk=High
Request 655: Prediction=Disease Present, Risk=High
Request 656: Prediction=Disease Present, Risk=High
Request 657: Prediction=Disease Present, Risk=Very High
Request 658: Prediction=Disease Present, Risk=Very High
Request 659: Prediction=Disease Present, Risk=High
Request 660: Prediction=Disease Present, Risk=High
Request 661: Prediction=Disease Present, Risk=Moderate
Request 662: Prediction=No Disease, Risk=Moderate
Request 663: Prediction=Disease Present, Risk=Moderate
Request 664: Prediction=No Disease, Risk=Moderate
Request 665: Prediction=Disease Present, Risk=Very High
Request 666: Prediction=No Disease, Risk=Moderate
Request 667: Prediction=Disease Present, Risk=High
Request 668: Prediction=Disease Present, Risk=High
Request 669: Prediction=Disease Present, Risk=Very High
Request 670: Prediction=Disease Present, Risk=Very High
Request 671: Prediction=Disease Present, Risk=High
Request 672: Prediction=Disease Present, Risk=Moderate
Request 673: Prediction=Disease Present, Risk=High
Request 674: Prediction=Disease Present, Risk=High
Request 675: Prediction=Disease Present, Risk=Moderate
Request 676: Prediction=Disease Present, Risk=Moderate
Request 677: Prediction=Disease Present, Risk=High
Request 678: Prediction=Disease Present, Risk=High
Request 679: Prediction=Disease Present, Risk=High
Request 680: Prediction=Disease Present, Risk=High
Request 681: Prediction=Disease Present, Risk=Very High
Request 682: Prediction=Disease Present, Risk=Very High
Request 683: Prediction=Disease Present, Risk=High
Request 684: Prediction=Disease Present, Risk=High
Request 685: Prediction=Disease Present, Risk=High
Request 686: Prediction=Disease Present, Risk=High
Request 687: Prediction=Disease Present, Risk=Moderate
Request 688: Prediction=Disease Present, Risk=High
Request 689: Prediction=No Disease, Risk=Moderate
Request 690: Prediction=Disease Present, Risk=High
Request 691: Prediction=Disease Present, Risk=Moderate
Request 692: Prediction=No Disease, Risk=Moderate
Request 693: Prediction=Disease Present, Risk=Very High
Request 694: Prediction=Disease Present, Risk=Very High
Request 695: Prediction=Disease Present, Risk=High
Request 696: Prediction=Disease Present, Risk=Moderate
Request 697: Prediction=Disease Present, Risk=High
Request 698: Prediction=Disease Present, Risk=High
Request 699: Prediction=Disease Present, Risk=High
Request 700: Prediction=Disease Present, Risk=Very High
Request 701: Prediction=Disease Present, Risk=High
Request 702: Prediction=Disease Present, Risk=Moderate
Request 703: Prediction=Disease Present, Risk=High
Request 704: Prediction=Disease Present, Risk=High
Request 705: Prediction=Disease Present, Risk=Very High
Request 706: Prediction=Disease Present, Risk=High
Request 707: Prediction=Disease Present, Risk=High
Request 708: Prediction=No Disease, Risk=Moderate
Request 709: Prediction=Disease Present, Risk=High
Request 710: Prediction=Disease Present, Risk=Very High
Request 711: Prediction=Disease Present, Risk=Very High
Request 712: Prediction=Disease Present, Risk=Very High
Request 713: Prediction=Disease Present, Risk=High
Request 714: Prediction=Disease Present, Risk=Moderate
Request 715: Prediction=Disease Present, Risk=High
Request 716: Prediction=Disease Present, Risk=Very High
Request 717: Prediction=Disease Present, Risk=High
Request 718: Prediction=Disease Present, Risk=High
Request 719: Prediction=Disease Present, Risk=High
Request 720: Prediction=No Disease, Risk=Moderate
Request 721: Prediction=Disease Present, Risk=High
Request 722: Prediction=No Disease, Risk=Moderate
Request 723: Prediction=No Disease, Risk=Moderate
Request 724: Prediction=Disease Present, Risk=Very High
Request 725: Prediction=Disease Present, Risk=High
Request 726: Prediction=Disease Present, Risk=Very High
Request 727: Prediction=No Disease, Risk=Moderate
Request 728: Prediction=Disease Present, Risk=High
Request 729: Prediction=No Disease, Risk=Moderate
Request 730: Prediction=Disease Present, Risk=High
Request 731: Prediction=Disease Present, Risk=High
Request 732: Prediction=No Disease, Risk=Moderate
Request 733: Prediction=Disease Present, Risk=Moderate
Request 734: Prediction=Disease Present, Risk=High
Request 735: Prediction=Disease Present, Risk=Very High
Request 736: Prediction=Disease Present, Risk=High
Request 737: Prediction=Disease Present, Risk=High
Request 738: Prediction=Disease Present, Risk=High
Request 739: Prediction=Disease Present, Risk=High
Request 740: Prediction=No Disease, Risk=Low
Request 741: Prediction=Disease Present, Risk=High
Request 742: Prediction=Disease Present, Risk=Very High
Request 743: Prediction=Disease Present, Risk=High
Request 744: Prediction=Disease Present, Risk=High
Request 745: Prediction=Disease Present, Risk=High
Request 746: Prediction=No Disease, Risk=Moderate
Request 747: Prediction=Disease Present, Risk=Moderate
Request 748: Prediction=Disease Present, Risk=High
Request 749: Prediction=Disease Present, Risk=Moderate
Request 750: Prediction=Disease Present, Risk=Very High
Request 751: Prediction=Disease Present, Risk=High
Request 752: Prediction=No Disease, Risk=Moderate
Request 753: Prediction=Disease Present, Risk=Moderate
Request 754: Prediction=Disease Present, Risk=Very High
Request 755: Prediction=Disease Present, Risk=High
Request 756: Prediction=No Disease, Risk=Moderate
Request 757: Prediction=Disease Present, Risk=Very High
Request 758: Prediction=Disease Present, Risk=Very High
Request 759: Prediction=Disease Present, Risk=High
Request 760: Prediction=Disease Present, Risk=Moderate
Request 761: Prediction=Disease Present, Risk=High
Request 762: Prediction=Disease Present, Risk=Very High
Request 763: Prediction=Disease Present, Risk=High
Request 764: Prediction=Disease Present, Risk=High
Request 765: Prediction=Disease Present, Risk=Moderate
Request 766: Prediction=Disease Present, Risk=High
Request 767: Prediction=No Disease, Risk=Moderate
Request 768: Prediction=Disease Present, Risk=High
Request 769: Prediction=Disease Present, Risk=Moderate
Request 770: Prediction=Disease Present, Risk=High
Request 771: Prediction=Disease Present, Risk=Very High
Request 772: Prediction=Disease Present, Risk=Very High
Request 773: Prediction=Disease Present, Risk=Very High
Request 774: Prediction=Disease Present, Risk=High
Request 775: Prediction=No Disease, Risk=Moderate
Request 776: Prediction=Disease Present, Risk=Moderate
Request 777: Prediction=Disease Present, Risk=High
Request 778: Prediction=Disease Present, Risk=Very High
Request 779: Prediction=Disease Present, Risk=High
Request 780: Prediction=Disease Present, Risk=Very High
Request 781: Prediction=Disease Present, Risk=Very High
Request 782: Prediction=Disease Present, Risk=Very High
Request 783: Prediction=Disease Present, Risk=High
Request 784: Prediction=Disease Present, Risk=High
Request 785: Prediction=Disease Present, Risk=Very High
Request 786: Prediction=Disease Present, Risk=High
Request 787: Prediction=Disease Present, Risk=Moderate
Request 788: Prediction=Disease Present, Risk=High
Request 789: Prediction=No Disease, Risk=Moderate
Request 790: Prediction=Disease Present, Risk=High
Request 791: Prediction=Disease Present, Risk=High
Request 792: Prediction=Disease Present, Risk=Very High
Request 793: Prediction=Disease Present, Risk=High
Request 794: Prediction=Disease Present, Risk=Very High
Request 795: Prediction=No Disease, Risk=Moderate
Request 796: Prediction=Disease Present, Risk=Very High
Request 797: Prediction=Disease Present, Risk=High
Request 798: Prediction=Disease Present, Risk=Moderate
Request 799: Prediction=Disease Present, Risk=High
Request 800: Prediction=No Disease, Risk=Moderate
Request 801: Prediction=Disease Present, Risk=Very High
Request 802: Prediction=Disease Present, Risk=Moderate
Request 803: Prediction=Disease Present, Risk=High
Request 804: Prediction=Disease Present, Risk=High
Request 805: Prediction=Disease Present, Risk=High
Request 806: Prediction=No Disease, Risk=Moderate
Request 807: Prediction=Disease Present, Risk=High
Request 808: Prediction=Disease Present, Risk=High
Request 809: Prediction=Disease Present, Risk=High
Request 810: Prediction=Disease Present, Risk=Very High
Request 811: Prediction=Disease Present, Risk=High
Request 812: Prediction=Disease Present, Risk=High
Request 813: Prediction=No Disease, Risk=Moderate
Request 814: Prediction=Disease Present, Risk=High
Request 815: Prediction=Disease Present, Risk=Moderate
Request 816: Prediction=Disease Present, Risk=Very High
Request 817: Prediction=Disease Present, Risk=Very High
Request 818: Prediction=Disease Present, Risk=High
Request 819: Prediction=Disease Present, Risk=High
Request 820: Prediction=Disease Present, Risk=High
Request 821: Prediction=Disease Present, Risk=Moderate
Request 822: Prediction=No Disease, Risk=Moderate
Request 823: Prediction=Disease Present, Risk=High
Request 824: Prediction=Disease Present, Risk=High
Request 825: Prediction=Disease Present, Risk=Very High
Request 826: Prediction=Disease Present, Risk=High
Request 827: Prediction=No Disease, Risk=Moderate
Request 828: Prediction=Disease Present, Risk=High
Request 829: Prediction=Disease Present, Risk=High
Request 830: Prediction=Disease Present, Risk=Very High
Request 831: Prediction=Disease Present, Risk=High
Request 832: Prediction=Disease Present, Risk=High
Request 833: Prediction=Disease Present, Risk=Moderate
Request 834: Prediction=Disease Present, Risk=High
Request 835: Prediction=Disease Present, Risk=High
Request 836: Prediction=Disease Present, Risk=High
Request 837: Prediction=No Disease, Risk=Moderate
Request 838: Prediction=Disease Present, Risk=High
Request 839: Prediction=Disease Present, Risk=Very High
Request 840: Prediction=Disease Present, Risk=Very High
Request 841: Prediction=Disease Present, Risk=High
Request 842: Prediction=No Disease, Risk=Moderate
Request 843: Prediction=Disease Present, Risk=High
Request 844: Prediction=Disease Present, Risk=Moderate
Request 845: Prediction=Disease Present, Risk=High
Request 846: Prediction=Disease Present, Risk=High
Request 847: Prediction=Disease Present, Risk=Moderate
Request 848: Prediction=Disease Present, Risk=Moderate
Request 849: Prediction=Disease Present, Risk=High
Request 850: Prediction=Disease Present, Risk=Very High
Request 851: Prediction=Disease Present, Risk=High
Request 852: Prediction=Disease Present, Risk=Moderate
Request 853: Prediction=Disease Present, Risk=Moderate
Request 854: Prediction=Disease Present, Risk=Moderate
Request 855: Prediction=Disease Present, Risk=Very High
Request 856: Prediction=No Disease, Risk=Moderate
Request 857: Prediction=Disease Present, Risk=Moderate
Request 858: Prediction=Disease Present, Risk=Moderate
Request 859: Prediction=Disease Present, Risk=Moderate
Request 860: Prediction=Disease Present, Risk=Very High
Request 861: Prediction=Disease Present, Risk=High
Request 862: Prediction=Disease Present, Risk=High
Request 863: Prediction=Disease Present, Risk=Very High
Request 864: Prediction=Disease Present, Risk=Very High
Request 865: Prediction=Disease Present, Risk=Moderate
Request 866: Prediction=Disease Present, Risk=Very High
Request 867: Prediction=No Disease, Risk=Moderate
Request 868: Prediction=Disease Present, Risk=High
Request 869: Prediction=Disease Present, Risk=High
Request 870: Prediction=Disease Present, Risk=High
Request 871: Prediction=Disease Present, Risk=Very High
Request 872: Prediction=Disease Present, Risk=Moderate
Request 873: Prediction=Disease Present, Risk=High
Request 874: Prediction=Disease Present, Risk=Very High
Request 875: Prediction=Disease Present, Risk=Moderate
Request 876: Prediction=Disease Present, Risk=Moderate
Request 877: Prediction=No Disease, Risk=Moderate
Request 878: Prediction=Disease Present, Risk=Moderate
Request 879: Prediction=Disease Present, Risk=Very High
Request 880: Prediction=Disease Present, Risk=High
Request 881: Prediction=Disease Present, Risk=High
Request 882: Prediction=Disease Present, Risk=High
Request 883: Prediction=No Disease, Risk=Moderate
Request 884: Prediction=Disease Present, Risk=High
Request 885: Prediction=Disease Present, Risk=High
Request 886: Prediction=Disease Present, Risk=High
Request 887: Prediction=Disease Present, Risk=Moderate
Request 888: Prediction=Disease Present, Risk=High
Request 889: Prediction=No Disease, Risk=Moderate
Request 890: Prediction=Disease Present, Risk=Moderate
Request 891: Prediction=Disease Present, Risk=High
Request 892: Prediction=Disease Present, Risk=Very High
Request 893: Prediction=Disease Present, Risk=High
Request 894: Prediction=Disease Present, Risk=High
Request 895: Prediction=Disease Present, Risk=Very High
Request 896: Prediction=Disease Present, Risk=High
Request 897: Prediction=Disease Present, Risk=High
Request 898: Prediction=Disease Present, Risk=Moderate
Request 899: Prediction=Disease Present, Risk=High
Request 900: Prediction=Disease Present, Risk=High
Request 901: Prediction=Disease Present, Risk=Moderate
Request 902: Prediction=Disease Present, Risk=High
Request 903: Prediction=Disease Present, Risk=Very High
Request 904: Prediction=Disease Present, Risk=Very High
Request 905: Prediction=Disease Present, Risk=High
Request 906: Prediction=Disease Present, Risk=High
Request 907: Prediction=Disease Present, Risk=Moderate
Request 908: Prediction=Disease Present, Risk=Moderate
Request 909: Prediction=Disease Present, Risk=High
Request 910: Prediction=Disease Present, Risk=Moderate
Request 911: Prediction=Disease Present, Risk=High
Request 912: Prediction=No Disease, Risk=Moderate
Request 913: Prediction=Disease Present, Risk=High
Request 914: Prediction=Disease Present, Risk=High
Request 915: Prediction=Disease Present, Risk=Moderate
Request 916: Prediction=Disease Present, Risk=Moderate
Request 917: Prediction=Disease Present, Risk=Very High
Request 918: Prediction=Disease Present, Risk=Very High
Request 919: Prediction=Disease Present, Risk=High
Request 920: Prediction=Disease Present, Risk=High
Request 921: Prediction=Disease Present, Risk=High
Request 922: Prediction=Disease Present, Risk=High
Request 923: Prediction=Disease Present, Risk=Moderate
Request 924: Prediction=No Disease, Risk=Moderate
Request 925: Prediction=Disease Present, Risk=High
Request 926: Prediction=Disease Present, Risk=High
Request 927: Prediction=Disease Present, Risk=High
Request 928: Prediction=Disease Present, Risk=Moderate
Request 929: Prediction=No Disease, Risk=Moderate
Request 930: Prediction=Disease Present, Risk=Moderate
Request 931: Prediction=Disease Present, Risk=High
Request 932: Prediction=Disease Present, Risk=Moderate
Request 933: Prediction=Disease Present, Risk=High
Request 934: Prediction=No Disease, Risk=Low
Request 935: Prediction=Disease Present, Risk=Moderate
Request 936: Prediction=Disease Present, Risk=Moderate
Request 937: Prediction=Disease Present, Risk=Very High
Request 938: Prediction=No Disease, Risk=Moderate
Request 939: Prediction=Disease Present, Risk=High
Request 940: Prediction=Disease Present, Risk=Very High
Request 941: Prediction=Disease Present, Risk=High
Request 942: Prediction=No Disease, Risk=Moderate
Request 943: Prediction=Disease Present, Risk=Very High
Request 944: Prediction=Disease Present, Risk=High
Request 945: Prediction=Disease Present, Risk=High
Request 946: Prediction=Disease Present, Risk=Moderate
Request 947: Prediction=No Disease, Risk=Moderate
Request 948: Prediction=Disease Present, Risk=High
Request 949: Prediction=Disease Present, Risk=Moderate
Request 950: Prediction=Disease Present, Risk=High
Request 951: Prediction=No Disease, Risk=Moderate
Request 952: Prediction=No Disease, Risk=Moderate
Request 953: Prediction=No Disease, Risk=Moderate
Request 954: Prediction=Disease Present, Risk=High
Request 955: Prediction=Disease Present, Risk=High
Request 956: Prediction=Disease Present, Risk=Very High
Request 957: Prediction=Disease Present, Risk=High
Request 958: Prediction=Disease Present, Risk=Moderate
Request 959: Prediction=Disease Present, Risk=High
Request 960: Prediction=Disease Present, Risk=High
Request 961: Prediction=Disease Present, Risk=High
Request 962: Prediction=Disease Present, Risk=Very High
Request 963: Prediction=Disease Present, Risk=Very High
Request 964: Prediction=Disease Present, Risk=Moderate
Request 965: Prediction=Disease Present, Risk=High
Request 966: Prediction=Disease Present, Risk=High
Request 967: Prediction=Disease Present, Risk=High
Request 968: Prediction=Disease Present, Risk=Moderate
Request 969: Prediction=Disease Present, Risk=High
Request 970: Prediction=Disease Present, Risk=Very High
Request 971: Prediction=Disease Present, Risk=High
Request 972: Prediction=Disease Present, Risk=Moderate
Request 973: Prediction=Disease Present, Risk=High
Request 974: Prediction=Disease Present, Risk=High
Request 975: Prediction=Disease Present, Risk=Very High
Request 976: Prediction=Disease Present, Risk=High
Request 977: Prediction=No Disease, Risk=Moderate
Request 978: Prediction=No Disease, Risk=Moderate
Request 979: Prediction=Disease Present, Risk=High
Request 980: Prediction=Disease Present, Risk=High
Request 981: Prediction=No Disease, Risk=Moderate
Request 982: Prediction=Disease Present, Risk=Very High
Request 983: Prediction=Disease Present, Risk=High
Request 984: Prediction=Disease Present, Risk=High
Request 985: Prediction=Disease Present, Risk=High
Request 986: Prediction=Disease Present, Risk=Very High
Request 987: Prediction=Disease Present, Risk=Moderate
Request 988: Prediction=No Disease, Risk=Moderate
Request 989: Prediction=Disease Present, Risk=High
Request 990: Prediction=Disease Present, Risk=High
Request 991: Prediction=Disease Present, Risk=Very High
Request 992: Prediction=Disease Present, Risk=High
Request 993: Prediction=No Disease, Risk=Moderate
Request 994: Prediction=Disease Present, Risk=High
Request 995: Prediction=Disease Present, Risk=High
Request 996: Prediction=Disease Present, Risk=Moderate
Request 997: Prediction=Disease Present, Risk=Moderate
Request 998: Prediction=Disease Present, Risk=High
Request 999: Prediction=Disease Present, Risk=Very High
Request 1000: Prediction=Disease Present, Risk=Very High
Traffic generation complete.
